# JRE version: OpenJDK Runtime Environment Temurin-17.0.2+8 (17.0.2+8) (build 17.0.2+8)
# Java VM: OpenJDK 64-Bit Server VM Temurin-17.0.2+8 (17.0.2+8, mixed mode, emulated-client, tiered, compressed oops, compressed class ptrs, g1 gc, windows-amd64)
GC Precious Log:
 CPUs: 8 total, 8 available
 Memory: 15608M
 Large Page Support: Disabled
 NUMA Support: Disabled
 Compressed Oops: Enabled (Zero based)
 Heap Region Size: 2M
 Heap Min Capacity: 8M
 Heap Initial Capacity: 244M
 Heap Max Capacity: 3904M
 Pre-touch: Disabled
 Parallel Workers: 8
 Concurrent Workers: 2
 Concurrent Refinement Workers: 8
 Periodic GC: Disabled
Heap:
 garbage-first heap   total 759808K, used 232154K [0x000000070c000000, 0x0000000800000000)
  region size 2048K, 61 young (124928K), 4 survivors (8192K)
 Metaspace       used 87841K, committed 88448K, reserved 1130496K
  class space    used 11897K, committed 12160K, reserved 1048576K
GC Heap History (20 events):
Event: 11.226 GC heap before
{Heap before GC invocations=26 (full 0):
 garbage-first heap   total 294912K, used 152412K [0x000000070c000000, 0x0000000800000000)
  region size 2048K, 48 young (98304K), 4 survivors (8192K)
 Metaspace       used 60142K, committed 60480K, reserved 1105920K
  class space    used 7955K, committed 8128K, reserved 1048576K
}
Event: 11.234 GC heap after
{Heap after GC invocations=27 (full 0):
 garbage-first heap   total 294912K, used 66746K [0x000000070c000000, 0x0000000800000000)
  region size 2048K, 6 young (12288K), 6 survivors (12288K)
 Metaspace       used 60142K, committed 60480K, reserved 1105920K
  class space    used 7955K, committed 8128K, reserved 1048576K
}
Event: 12.871 GC heap before
{Heap before GC invocations=28 (full 0):
 garbage-first heap   total 253952K, used 206010K [0x000000070c000000, 0x0000000800000000)
  region size 2048K, 74 young (151552K), 6 survivors (12288K)
 Metaspace       used 68589K, committed 68992K, reserved 1114112K
  class space    used 9236K, committed 9408K, reserved 1048576K
}
Event: 12.880 GC heap after
{Heap after GC invocations=29 (full 0):
 garbage-first heap   total 253952K, used 69667K [0x000000070c000000, 0x0000000800000000)
  region size 2048K, 7 young (14336K), 7 survivors (14336K)
 Metaspace       used 68589K, committed 68992K, reserved 1114112K
  class space    used 9236K, committed 9408K, reserved 1048576K
}
Event: 13.612 GC heap before
{Heap before GC invocations=29 (full 0):
 garbage-first heap   total 253952K, used 206883K [0x000000070c000000, 0x0000000800000000)
  region size 2048K, 74 young (151552K), 7 survivors (14336K)
 Metaspace       used 70161K, committed 70656K, reserved 1114112K
  class space    used 9440K, committed 9664K, reserved 1048576K
}
Event: 13.622 GC heap after
{Heap after GC invocations=30 (full 0):
 garbage-first heap   total 253952K, used 72141K [0x000000070c000000, 0x0000000800000000)
  region size 2048K, 7 young (14336K), 7 survivors (14336K)
 Metaspace       used 70161K, committed 70656K, reserved 1114112K
  class space    used 9440K, committed 9664K, reserved 1048576K
}
Event: 14.774 GC heap before
{Heap before GC invocations=30 (full 0):
 garbage-first heap   total 253952K, used 209357K [0x000000070c000000, 0x0000000800000000)
  region size 2048K, 74 young (151552K), 7 survivors (14336K)
 Metaspace       used 73724K, committed 74304K, reserved 1114112K
  class space    used 9888K, committed 10176K, reserved 1048576K
}
Event: 14.787 GC heap after
{Heap after GC invocations=31 (full 0):
 garbage-first heap   total 253952K, used 76601K [0x000000070c000000, 0x0000000800000000)
  region size 2048K, 7 young (14336K), 7 survivors (14336K)
 Metaspace       used 73724K, committed 74304K, reserved 1114112K
  class space    used 9888K, committed 10176K, reserved 1048576K
}
Event: 58.848 GC heap before
{Heap before GC invocations=31 (full 0):
 garbage-first heap   total 253952K, used 213817K [0x000000070c000000, 0x0000000800000000)
  region size 2048K, 65 young (133120K), 7 survivors (14336K)
 Metaspace       used 82814K, committed 83392K, reserved 1122304K
  class space    used 11102K, committed 11392K, reserved 1048576K
}
Event: 58.860 GC heap after
{Heap after GC invocations=32 (full 0):
 garbage-first heap   total 253952K, used 91249K [0x000000070c000000, 0x0000000800000000)
  region size 2048K, 6 young (12288K), 6 survivors (12288K)
 Metaspace       used 82814K, committed 83392K, reserved 1122304K
  class space    used 11102K, committed 11392K, reserved 1048576K
}
Event: 58.882 GC heap before
{Heap before GC invocations=32 (full 0):
 garbage-first heap   total 253952K, used 109681K [0x000000070c000000, 0x0000000800000000)
  region size 2048K, 7 young (14336K), 6 survivors (12288K)
 Metaspace       used 82823K, committed 83392K, reserved 1122304K
  class space    used 11102K, committed 11392K, reserved 1048576K
}
Event: 58.889 GC heap after
{Heap after GC invocations=33 (full 0):
 garbage-first heap   total 253952K, used 99159K [0x000000070c000000, 0x0000000800000000)
  region size 2048K, 5 young (10240K), 5 survivors (10240K)
 Metaspace       used 82823K, committed 83392K, reserved 1122304K
  class space    used 11102K, committed 11392K, reserved 1048576K
}
Event: 58.900 GC heap before
{Heap before GC invocations=33 (full 0):
 garbage-first heap   total 253952K, used 133975K [0x000000070c000000, 0x0000000800000000)
  region size 2048K, 6 young (12288K), 5 survivors (10240K)
 Metaspace       used 82823K, committed 83392K, reserved 1122304K
  class space    used 11102K, committed 11392K, reserved 1048576K
}
Event: 58.905 GC heap after
{Heap after GC invocations=34 (full 0):
 garbage-first heap   total 253952K, used 116098K [0x000000070c000000, 0x0000000800000000)
  region size 2048K, 3 young (6144K), 3 survivors (6144K)
 Metaspace       used 82823K, committed 83392K, reserved 1122304K
  class space    used 11102K, committed 11392K, reserved 1048576K
}
Event: 58.910 GC heap before
{Heap before GC invocations=34 (full 0):
 garbage-first heap   total 253952K, used 126338K [0x000000070c000000, 0x0000000800000000)
  region size 2048K, 4 young (8192K), 3 survivors (6144K)
 Metaspace       used 82823K, committed 83392K, reserved 1122304K
  class space    used 11102K, committed 11392K, reserved 1048576K
}
Event: 58.914 GC heap after
{Heap after GC invocations=35 (full 0):
 garbage-first heap   total 253952K, used 115352K [0x000000070c000000, 0x0000000800000000)
  region size 2048K, 3 young (6144K), 3 survivors (6144K)
 Metaspace       used 82823K, committed 83392K, reserved 1122304K
  class space    used 11102K, committed 11392K, reserved 1048576K
}
Event: 58.949 GC heap before
{Heap before GC invocations=35 (full 0):
 garbage-first heap   total 253952K, used 137880K [0x000000070c000000, 0x0000000800000000)
  region size 2048K, 7 young (14336K), 3 survivors (6144K)
 Metaspace       used 82836K, committed 83392K, reserved 1122304K
  class space    used 11103K, committed 11392K, reserved 1048576K
}
Event: 58.953 GC heap after
{Heap after GC invocations=36 (full 0):
 garbage-first heap   total 253952K, used 101421K [0x000000070c000000, 0x0000000800000000)
  region size 2048K, 4 young (8192K), 4 survivors (8192K)
 Metaspace       used 82836K, committed 83392K, reserved 1122304K
  class space    used 11103K, committed 11392K, reserved 1048576K
}
Event: 58.978 GC heap before
{Heap before GC invocations=36 (full 0):
 garbage-first heap   total 253952K, used 115757K [0x000000070c000000, 0x0000000800000000)
  region size 2048K, 5 young (10240K), 4 survivors (8192K)
 Metaspace       used 82836K, committed 83392K, reserved 1122304K
  class space    used 11103K, committed 11392K, reserved 1048576K
}
Event: 58.983 GC heap after
{Heap after GC invocations=37 (full 0):
 garbage-first heap   total 759808K, used 107226K [0x000000070c000000, 0x0000000800000000)
  region size 2048K, 4 young (8192K), 4 survivors (8192K)
 Metaspace       used 82836K, committed 83392K, reserved 1122304K
  class space    used 11103K, committed 11392K, reserved 1048576K
}

