# JRE version: OpenJDK Runtime Environment Temurin-17.0.2+8 (17.0.2+8) (build 17.0.2+8)
# Java VM: OpenJDK 64-Bit Server VM Temurin-17.0.2+8 (17.0.2+8, mixed mode, emulated-client, tiered, compressed oops, compressed class ptrs, g1 gc, windows-amd64)
GC Precious Log:
 CPUs: 8 total, 8 available
 Memory: 15608M
 Large Page Support: Disabled
 NUMA Support: Disabled
 Compressed Oops: Enabled (Zero based)
 Heap Region Size: 2M
 Heap Min Capacity: 8M
 Heap Initial Capacity: 244M
 Heap Max Capacity: 3904M
 Pre-touch: Disabled
 Parallel Workers: 8
 Concurrent Workers: 2
 Concurrent Refinement Workers: 8
 Periodic GC: Disabled
Heap:
 garbage-first heap   total 614400K, used 290495K [0x000000070c000000, 0x0000000800000000)
  region size 2048K, 105 young (215040K), 2 survivors (4096K)
 Metaspace       used 89275K, committed 89920K, reserved 1130496K
  class space    used 12153K, committed 12480K, reserved 1048576K
GC Heap History (20 events):
Event: 10.155 GC heap before
{Heap before GC invocations=26 (full 0):
 garbage-first heap   total 276480K, used 129358K [0x000000070c000000, 0x0000000800000000)
  region size 2048K, 37 young (75776K), 5 survivors (10240K)
 Metaspace       used 60390K, committed 60736K, reserved 1105920K
  class space    used 7995K, committed 8192K, reserved 1048576K
}
Event: 10.163 GC heap after
{Heap after GC invocations=27 (full 0):
 garbage-first heap   total 276480K, used 67896K [0x000000070c000000, 0x0000000800000000)
  region size 2048K, 6 young (12288K), 6 survivors (12288K)
 Metaspace       used 60390K, committed 60736K, reserved 1105920K
  class space    used 7995K, committed 8192K, reserved 1048576K
}
Event: 11.779 GC heap before
{Heap before GC invocations=28 (full 0):
 garbage-first heap   total 245760K, used 203064K [0x000000070c000000, 0x0000000800000000)
  region size 2048K, 72 young (147456K), 6 survivors (12288K)
 Metaspace       used 69129K, committed 69568K, reserved 1114112K
  class space    used 9304K, committed 9536K, reserved 1048576K
}
Event: 11.789 GC heap after
{Heap after GC invocations=29 (full 0):
 garbage-first heap   total 245760K, used 70996K [0x000000070c000000, 0x0000000800000000)
  region size 2048K, 6 young (12288K), 6 survivors (12288K)
 Metaspace       used 69129K, committed 69568K, reserved 1114112K
  class space    used 9304K, committed 9536K, reserved 1048576K
}
Event: 12.509 GC heap before
{Heap before GC invocations=30 (full 0):
 garbage-first heap   total 245760K, used 206164K [0x000000070c000000, 0x0000000800000000)
  region size 2048K, 72 young (147456K), 6 survivors (12288K)
 Metaspace       used 70000K, committed 70464K, reserved 1114112K
  class space    used 9436K, committed 9664K, reserved 1048576K
}
Event: 12.518 GC heap after
{Heap after GC invocations=31 (full 0):
 garbage-first heap   total 245760K, used 73328K [0x000000070c000000, 0x0000000800000000)
  region size 2048K, 5 young (10240K), 5 survivors (10240K)
 Metaspace       used 70000K, committed 70464K, reserved 1114112K
  class space    used 9436K, committed 9664K, reserved 1048576K
}
Event: 13.634 GC heap before
{Heap before GC invocations=31 (full 0):
 garbage-first heap   total 245760K, used 208496K [0x000000070c000000, 0x0000000800000000)
  region size 2048K, 71 young (145408K), 5 survivors (10240K)
 Metaspace       used 73653K, committed 74112K, reserved 1114112K
  class space    used 9894K, committed 10112K, reserved 1048576K
}
Event: 13.644 GC heap after
{Heap after GC invocations=32 (full 0):
 garbage-first heap   total 245760K, used 77515K [0x000000070c000000, 0x0000000800000000)
  region size 2048K, 7 young (14336K), 7 survivors (14336K)
 Metaspace       used 73653K, committed 74112K, reserved 1114112K
  class space    used 9894K, committed 10112K, reserved 1048576K
}
Event: 34.255 GC heap before
{Heap before GC invocations=32 (full 0):
 garbage-first heap   total 245760K, used 220875K [0x000000070c000000, 0x0000000800000000)
  region size 2048K, 68 young (139264K), 7 survivors (14336K)
 Metaspace       used 83303K, committed 83776K, reserved 1122304K
  class space    used 11189K, committed 11392K, reserved 1048576K
}
Event: 34.265 GC heap after
{Heap after GC invocations=33 (full 0):
 garbage-first heap   total 245760K, used 91810K [0x000000070c000000, 0x0000000800000000)
  region size 2048K, 6 young (12288K), 6 survivors (12288K)
 Metaspace       used 83303K, committed 83776K, reserved 1122304K
  class space    used 11189K, committed 11392K, reserved 1048576K
}
Event: 34.284 GC heap before
{Heap before GC invocations=33 (full 0):
 garbage-first heap   total 245760K, used 110242K [0x000000070c000000, 0x0000000800000000)
  region size 2048K, 7 young (14336K), 6 survivors (12288K)
 Metaspace       used 83312K, committed 83776K, reserved 1122304K
  class space    used 11189K, committed 11392K, reserved 1048576K
}
Event: 34.291 GC heap after
{Heap after GC invocations=34 (full 0):
 garbage-first heap   total 245760K, used 100673K [0x000000070c000000, 0x0000000800000000)
  region size 2048K, 3 young (6144K), 3 survivors (6144K)
 Metaspace       used 83312K, committed 83776K, reserved 1122304K
  class space    used 11189K, committed 11392K, reserved 1048576K
}
Event: 34.299 GC heap before
{Heap before GC invocations=34 (full 0):
 garbage-first heap   total 245760K, used 135489K [0x000000070c000000, 0x0000000800000000)
  region size 2048K, 4 young (8192K), 3 survivors (6144K)
 Metaspace       used 83312K, committed 83776K, reserved 1122304K
  class space    used 11189K, committed 11392K, reserved 1048576K
}
Event: 34.303 GC heap after
{Heap after GC invocations=35 (full 0):
 garbage-first heap   total 245760K, used 116540K [0x000000070c000000, 0x0000000800000000)
  region size 2048K, 3 young (6144K), 3 survivors (6144K)
 Metaspace       used 83312K, committed 83776K, reserved 1122304K
  class space    used 11189K, committed 11392K, reserved 1048576K
}
Event: 34.901 GC heap before
{Heap before GC invocations=36 (full 0):
 garbage-first heap   total 260096K, used 245564K [0x000000070c000000, 0x0000000800000000)
  region size 2048K, 41 young (83968K), 3 survivors (6144K)
 Metaspace       used 87109K, committed 87616K, reserved 1130496K
  class space    used 11809K, committed 12032K, reserved 1048576K
}
Event: 34.908 GC heap after
{Heap after GC invocations=37 (full 0):
 garbage-first heap   total 266240K, used 96512K [0x000000070c000000, 0x0000000800000000)
  region size 2048K, 7 young (14336K), 7 survivors (14336K)
 Metaspace       used 87109K, committed 87616K, reserved 1130496K
  class space    used 11809K, committed 12032K, reserved 1048576K
}
Event: 34.916 GC heap before
{Heap before GC invocations=37 (full 0):
 garbage-first heap   total 266240K, used 98560K [0x000000070c000000, 0x0000000800000000)
  region size 2048K, 8 young (16384K), 7 survivors (14336K)
 Metaspace       used 87116K, committed 87616K, reserved 1130496K
  class space    used 11811K, committed 12032K, reserved 1048576K
}
Event: 34.922 GC heap after
{Heap after GC invocations=38 (full 0):
 garbage-first heap   total 266240K, used 81636K [0x000000070c000000, 0x0000000800000000)
  region size 2048K, 1 young (2048K), 1 survivors (2048K)
 Metaspace       used 87116K, committed 87616K, reserved 1130496K
  class space    used 11811K, committed 12032K, reserved 1048576K
}
Event: 95.696 GC heap before
{Heap before GC invocations=38 (full 0):
 garbage-first heap   total 266240K, used 206564K [0x000000070c000000, 0x0000000800000000)
  region size 2048K, 63 young (129024K), 1 survivors (2048K)
 Metaspace       used 88720K, committed 89344K, reserved 1130496K
  class space    used 12086K, committed 12416K, reserved 1048576K
}
Event: 95.700 GC heap after
{Heap after GC invocations=39 (full 0):
 garbage-first heap   total 614400K, used 83647K [0x000000070c000000, 0x0000000800000000)
  region size 2048K, 2 young (4096K), 2 survivors (4096K)
 Metaspace       used 88720K, committed 89344K, reserved 1130496K
  class space    used 12086K, committed 12416K, reserved 1048576K
}

