# JRE version: OpenJDK Runtime Environment Temurin-17.0.2+8 (17.0.2+8) (build 17.0.2+8)
# Java VM: OpenJDK 64-Bit Server VM Temurin-17.0.2+8 (17.0.2+8, mixed mode, emulated-client, tiered, compressed oops, compressed class ptrs, g1 gc, windows-amd64)
GC Precious Log:
 CPUs: 8 total, 8 available
 Memory: 15608M
 Large Page Support: Disabled
 NUMA Support: Disabled
 Compressed Oops: Enabled (Zero based)
 Heap Region Size: 2M
 Heap Min Capacity: 8M
 Heap Initial Capacity: 244M
 Heap Max Capacity: 3904M
 Pre-touch: Disabled
 Parallel Workers: 8
 Concurrent Workers: 2
 Concurrent Refinement Workers: 8
 Periodic GC: Disabled
Heap:
 garbage-first heap   total 655360K, used 254408K [0x000000070c000000, 0x0000000800000000)
  region size 2048K, 70 young (143360K), 2 survivors (4096K)
 Metaspace       used 88086K, committed 88768K, reserved 1130496K
  class space    used 11946K, committed 12288K, reserved 1048576K
GC Heap History (20 events):
Event: 9.925 GC heap before
{Heap before GC invocations=26 (full 0):
 garbage-first heap   total 294912K, used 138341K [0x000000070c000000, 0x0000000800000000)
  region size 2048K, 41 young (83968K), 4 survivors (8192K)
 Metaspace       used 60219K, committed 60608K, reserved 1105920K
  class space    used 7967K, committed 8192K, reserved 1048576K
}
Event: 9.933 GC heap after
{Heap after GC invocations=27 (full 0):
 garbage-first heap   total 294912K, used 66747K [0x000000070c000000, 0x0000000800000000)
  region size 2048K, 5 young (10240K), 5 survivors (10240K)
 Metaspace       used 60219K, committed 60608K, reserved 1105920K
  class space    used 7967K, committed 8192K, reserved 1048576K
}
Event: 11.544 GC heap before
{Heap before GC invocations=28 (full 0):
 garbage-first heap   total 245760K, used 203963K [0x000000070c000000, 0x0000000800000000)
  region size 2048K, 72 young (147456K), 5 survivors (10240K)
 Metaspace       used 68517K, committed 68992K, reserved 1114112K
  class space    used 9222K, committed 9472K, reserved 1048576K
}
Event: 11.554 GC heap after
{Heap after GC invocations=29 (full 0):
 garbage-first heap   total 245760K, used 69629K [0x000000070c000000, 0x0000000800000000)
  region size 2048K, 6 young (12288K), 6 survivors (12288K)
 Metaspace       used 68517K, committed 68992K, reserved 1114112K
  class space    used 9222K, committed 9472K, reserved 1048576K
}
Event: 12.266 GC heap before
{Heap before GC invocations=29 (full 0):
 garbage-first heap   total 245760K, used 204797K [0x000000070c000000, 0x0000000800000000)
  region size 2048K, 72 young (147456K), 6 survivors (12288K)
 Metaspace       used 70157K, committed 70656K, reserved 1114112K
  class space    used 9436K, committed 9664K, reserved 1048576K
}
Event: 12.275 GC heap after
{Heap after GC invocations=30 (full 0):
 garbage-first heap   total 245760K, used 72451K [0x000000070c000000, 0x0000000800000000)
  region size 2048K, 7 young (14336K), 7 survivors (14336K)
 Metaspace       used 70157K, committed 70656K, reserved 1114112K
  class space    used 9436K, committed 9664K, reserved 1048576K
}
Event: 13.300 GC heap before
{Heap before GC invocations=30 (full 0):
 garbage-first heap   total 245760K, used 203523K [0x000000070c000000, 0x0000000800000000)
  region size 2048K, 71 young (145408K), 7 survivors (14336K)
 Metaspace       used 73113K, committed 73664K, reserved 1114112K
  class space    used 9797K, committed 10048K, reserved 1048576K
}
Event: 13.312 GC heap after
{Heap after GC invocations=31 (full 0):
 garbage-first heap   total 245760K, used 76401K [0x000000070c000000, 0x0000000800000000)
  region size 2048K, 7 young (14336K), 7 survivors (14336K)
 Metaspace       used 73113K, committed 73664K, reserved 1114112K
  class space    used 9797K, committed 10048K, reserved 1048576K
}
Event: 55.631 GC heap before
{Heap before GC invocations=31 (full 0):
 garbage-first heap   total 245760K, used 219761K [0x000000070c000000, 0x0000000800000000)
  region size 2048K, 68 young (139264K), 7 survivors (14336K)
 Metaspace       used 82755K, committed 83264K, reserved 1122304K
  class space    used 11089K, committed 11328K, reserved 1048576K
}
Event: 55.641 GC heap after
{Heap after GC invocations=32 (full 0):
 garbage-first heap   total 245760K, used 91291K [0x000000070c000000, 0x0000000800000000)
  region size 2048K, 6 young (12288K), 6 survivors (12288K)
 Metaspace       used 82755K, committed 83264K, reserved 1122304K
  class space    used 11089K, committed 11328K, reserved 1048576K
}
Event: 55.669 GC heap before
{Heap before GC invocations=32 (full 0):
 garbage-first heap   total 245760K, used 109723K [0x000000070c000000, 0x0000000800000000)
  region size 2048K, 7 young (14336K), 6 survivors (12288K)
 Metaspace       used 82764K, committed 83264K, reserved 1122304K
  class space    used 11090K, committed 11328K, reserved 1048576K
}
Event: 55.676 GC heap after
{Heap after GC invocations=33 (full 0):
 garbage-first heap   total 245760K, used 99583K [0x000000070c000000, 0x0000000800000000)
  region size 2048K, 3 young (6144K), 3 survivors (6144K)
 Metaspace       used 82764K, committed 83264K, reserved 1122304K
  class space    used 11090K, committed 11328K, reserved 1048576K
}
Event: 55.687 GC heap before
{Heap before GC invocations=33 (full 0):
 garbage-first heap   total 245760K, used 134399K [0x000000070c000000, 0x0000000800000000)
  region size 2048K, 4 young (8192K), 3 survivors (6144K)
 Metaspace       used 82764K, committed 83264K, reserved 1122304K
  class space    used 11090K, committed 11328K, reserved 1048576K
}
Event: 55.691 GC heap after
{Heap after GC invocations=34 (full 0):
 garbage-first heap   total 245760K, used 115340K [0x000000070c000000, 0x0000000800000000)
  region size 2048K, 3 young (6144K), 3 survivors (6144K)
 Metaspace       used 82764K, committed 83264K, reserved 1122304K
  class space    used 11090K, committed 11328K, reserved 1048576K
}
Event: 55.696 GC heap before
{Heap before GC invocations=34 (full 0):
 garbage-first heap   total 245760K, used 125580K [0x000000070c000000, 0x0000000800000000)
  region size 2048K, 4 young (8192K), 3 survivors (6144K)
 Metaspace       used 82764K, committed 83264K, reserved 1122304K
  class space    used 11090K, committed 11328K, reserved 1048576K
}
Event: 55.700 GC heap after
{Heap after GC invocations=35 (full 0):
 garbage-first heap   total 245760K, used 115320K [0x000000070c000000, 0x0000000800000000)
  region size 2048K, 3 young (6144K), 3 survivors (6144K)
 Metaspace       used 82764K, committed 83264K, reserved 1122304K
  class space    used 11090K, committed 11328K, reserved 1048576K
}
Event: 55.743 GC heap before
{Heap before GC invocations=35 (full 0):
 garbage-first heap   total 245760K, used 137848K [0x000000070c000000, 0x0000000800000000)
  region size 2048K, 7 young (14336K), 3 survivors (6144K)
 Metaspace       used 82777K, committed 83264K, reserved 1122304K
  class space    used 11091K, committed 11328K, reserved 1048576K
}
Event: 55.748 GC heap after
{Heap after GC invocations=36 (full 0):
 garbage-first heap   total 245760K, used 101129K [0x000000070c000000, 0x0000000800000000)
  region size 2048K, 4 young (8192K), 4 survivors (8192K)
 Metaspace       used 82777K, committed 83264K, reserved 1122304K
  class space    used 11091K, committed 11328K, reserved 1048576K
}
Event: 55.775 GC heap before
{Heap before GC invocations=36 (full 0):
 garbage-first heap   total 245760K, used 115465K [0x000000070c000000, 0x0000000800000000)
  region size 2048K, 5 young (10240K), 4 survivors (8192K)
 Metaspace       used 82777K, committed 83264K, reserved 1122304K
  class space    used 11091K, committed 11328K, reserved 1048576K
}
Event: 55.779 GC heap after
{Heap after GC invocations=37 (full 0):
 garbage-first heap   total 655360K, used 106952K [0x000000070c000000, 0x0000000800000000)
  region size 2048K, 2 young (4096K), 2 survivors (4096K)
 Metaspace       used 82777K, committed 83264K, reserved 1122304K
  class space    used 11091K, committed 11328K, reserved 1048576K
}

