# JRE version: OpenJDK Runtime Environment Temurin-17.0.2+8 (17.0.2+8) (build 17.0.2+8)
# Java VM: OpenJDK 64-Bit Server VM Temurin-17.0.2+8 (17.0.2+8, mixed mode, emulated-client, tiered, compressed oops, compressed class ptrs, g1 gc, windows-amd64)
GC Precious Log:
 CPUs: 8 total, 8 available
 Memory: 15608M
 Large Page Support: Disabled
 NUMA Support: Disabled
 Compressed Oops: Enabled (Zero based)
 Heap Region Size: 2M
 Heap Min Capacity: 8M
 Heap Initial Capacity: 244M
 Heap Max Capacity: 3904M
 Pre-touch: Disabled
 Parallel Workers: 8
 Concurrent Workers: 2
 Concurrent Refinement Workers: 8
 Periodic GC: Disabled
Heap:
 garbage-first heap   total 260096K, used 166960K [0x000000070c000000, 0x0000000800000000)
  region size 2048K, 48 young (98304K), 1 survivors (2048K)
 Metaspace       used 88267K, committed 88768K, reserved 1130496K
  class space    used 12012K, committed 12224K, reserved 1048576K
GC Heap History (20 events):
Event: 10.458 GC heap before
{Heap before GC invocations=26 (full 0):
 garbage-first heap   total 344064K, used 129591K [0x000000070c000000, 0x0000000800000000)
  region size 2048K, 37 young (75776K), 5 survivors (10240K)
 Metaspace       used 60304K, committed 60608K, reserved 1105920K
  class space    used 7985K, committed 8128K, reserved 1048576K
}
Event: 10.466 GC heap after
{Heap after GC invocations=27 (full 0):
 garbage-first heap   total 344064K, used 67652K [0x000000070c000000, 0x0000000800000000)
  region size 2048K, 5 young (10240K), 5 survivors (10240K)
 Metaspace       used 60304K, committed 60608K, reserved 1105920K
  class space    used 7985K, committed 8128K, reserved 1048576K
}
Event: 12.190 GC heap before
{Heap before GC invocations=28 (full 0):
 garbage-first heap   total 245760K, used 204868K [0x000000070c000000, 0x0000000800000000)
  region size 2048K, 72 young (147456K), 5 survivors (10240K)
 Metaspace       used 68512K, committed 68928K, reserved 1114112K
  class space    used 9222K, committed 9408K, reserved 1048576K
}
Event: 12.200 GC heap after
{Heap after GC invocations=29 (full 0):
 garbage-first heap   total 245760K, used 70667K [0x000000070c000000, 0x0000000800000000)
  region size 2048K, 6 young (12288K), 6 survivors (12288K)
 Metaspace       used 68512K, committed 68928K, reserved 1114112K
  class space    used 9222K, committed 9408K, reserved 1048576K
}
Event: 12.231 GC heap before
{Heap before GC invocations=29 (full 0):
 garbage-first heap   total 245760K, used 72715K [0x000000070c000000, 0x0000000800000000)
  region size 2048K, 7 young (14336K), 6 survivors (12288K)
 Metaspace       used 68718K, committed 69120K, reserved 1114112K
  class space    used 9250K, committed 9408K, reserved 1048576K
}
Event: 12.241 GC heap after
{Heap after GC invocations=30 (full 0):
 garbage-first heap   total 245760K, used 71947K [0x000000070c000000, 0x0000000800000000)
  region size 2048K, 1 young (2048K), 1 survivors (2048K)
 Metaspace       used 68718K, committed 69120K, reserved 1114112K
  class space    used 9250K, committed 9408K, reserved 1048576K
}
Event: 13.048 GC heap before
{Heap before GC invocations=30 (full 0):
 garbage-first heap   total 245760K, used 207115K [0x000000070c000000, 0x0000000800000000)
  region size 2048K, 67 young (137216K), 1 survivors (2048K)
 Metaspace       used 70224K, committed 70656K, reserved 1114112K
  class space    used 9451K, committed 9664K, reserved 1048576K
}
Event: 13.051 GC heap after
{Heap after GC invocations=31 (full 0):
 garbage-first heap   total 245760K, used 72570K [0x000000070c000000, 0x0000000800000000)
  region size 2048K, 2 young (4096K), 2 survivors (4096K)
 Metaspace       used 70224K, committed 70656K, reserved 1114112K
  class space    used 9451K, committed 9664K, reserved 1048576K
}
Event: 14.107 GC heap before
{Heap before GC invocations=31 (full 0):
 garbage-first heap   total 245760K, used 205690K [0x000000070c000000, 0x0000000800000000)
  region size 2048K, 67 young (137216K), 2 survivors (4096K)
 Metaspace       used 73302K, committed 73856K, reserved 1114112K
  class space    used 9833K, committed 10112K, reserved 1048576K
}
Event: 14.113 GC heap after
{Heap after GC invocations=32 (full 0):
 garbage-first heap   total 245760K, used 76746K [0x000000070c000000, 0x0000000800000000)
  region size 2048K, 4 young (8192K), 4 survivors (8192K)
 Metaspace       used 73302K, committed 73856K, reserved 1114112K
  class space    used 9833K, committed 10112K, reserved 1048576K
}
Event: 190.007 GC heap before
{Heap before GC invocations=32 (full 0):
 garbage-first heap   total 245760K, used 224202K [0x000000070c000000, 0x0000000800000000)
  region size 2048K, 66 young (135168K), 4 survivors (8192K)
 Metaspace       used 82881K, committed 83456K, reserved 1122304K
  class space    used 11121K, committed 11392K, reserved 1048576K
}
Event: 190.015 GC heap after
{Heap after GC invocations=33 (full 0):
 garbage-first heap   total 245760K, used 91585K [0x000000070c000000, 0x0000000800000000)
  region size 2048K, 6 young (12288K), 6 survivors (12288K)
 Metaspace       used 82881K, committed 83456K, reserved 1122304K
  class space    used 11121K, committed 11392K, reserved 1048576K
}
Event: 190.034 GC heap before
{Heap before GC invocations=33 (full 0):
 garbage-first heap   total 245760K, used 110017K [0x000000070c000000, 0x0000000800000000)
  region size 2048K, 7 young (14336K), 6 survivors (12288K)
 Metaspace       used 82890K, committed 83456K, reserved 1122304K
  class space    used 11121K, committed 11392K, reserved 1048576K
}
Event: 190.041 GC heap after
{Heap after GC invocations=34 (full 0):
 garbage-first heap   total 245760K, used 99993K [0x000000070c000000, 0x0000000800000000)
  region size 2048K, 3 young (6144K), 3 survivors (6144K)
 Metaspace       used 82890K, committed 83456K, reserved 1122304K
  class space    used 11121K, committed 11392K, reserved 1048576K
}
Event: 190.051 GC heap before
{Heap before GC invocations=34 (full 0):
 garbage-first heap   total 245760K, used 134809K [0x000000070c000000, 0x0000000800000000)
  region size 2048K, 4 young (8192K), 3 survivors (6144K)
 Metaspace       used 82890K, committed 83456K, reserved 1122304K
  class space    used 11121K, committed 11392K, reserved 1048576K
}
Event: 190.054 GC heap after
{Heap after GC invocations=35 (full 0):
 garbage-first heap   total 245760K, used 116094K [0x000000070c000000, 0x0000000800000000)
  region size 2048K, 3 young (6144K), 3 survivors (6144K)
 Metaspace       used 82890K, committed 83456K, reserved 1122304K
  class space    used 11121K, committed 11392K, reserved 1048576K
}
Event: 194.688 GC heap before
{Heap before GC invocations=36 (full 0):
 garbage-first heap   total 253952K, used 238974K [0x000000070c000000, 0x0000000800000000)
  region size 2048K, 39 young (79872K), 3 survivors (6144K)
 Metaspace       used 85346K, committed 85824K, reserved 1130496K
  class space    used 11477K, committed 11712K, reserved 1048576K
}
Event: 194.694 GC heap after
{Heap after GC invocations=37 (full 0):
 garbage-first heap   total 260096K, used 92954K [0x000000070c000000, 0x0000000800000000)
  region size 2048K, 7 young (14336K), 7 survivors (14336K)
 Metaspace       used 85346K, committed 85824K, reserved 1130496K
  class space    used 11477K, committed 11712K, reserved 1048576K
}
Event: 196.827 GC heap before
{Heap before GC invocations=37 (full 0):
 garbage-first heap   total 260096K, used 92954K [0x000000070c000000, 0x0000000800000000)
  region size 2048K, 8 young (16384K), 7 survivors (14336K)
 Metaspace       used 85428K, committed 85888K, reserved 1130496K
  class space    used 11485K, committed 11712K, reserved 1048576K
}
Event: 196.834 GC heap after
{Heap after GC invocations=38 (full 0):
 garbage-first heap   total 260096K, used 74800K [0x000000070c000000, 0x0000000800000000)
  region size 2048K, 1 young (2048K), 1 survivors (2048K)
 Metaspace       used 85428K, committed 85888K, reserved 1130496K
  class space    used 11485K, committed 11712K, reserved 1048576K
}

