# JRE version: Java(TM) SE Runtime Environment (8.0_221-b11) (build 1.8.0_221-b11)
# Java VM: Java HotSpot(TM) 64-Bit Server VM (25.221-b11 mixed mode bsd-amd64 compressed oops)
Heap:
 PSYoungGen      total 1239040K, used 723862K [0x000000076ab00000, 0x00000007c0000000, 0x00000007c0000000)
  eden space 1099776K, 56% used [0x000000076ab00000,0x0000000790b76fb8,0x00000007add00000)
  from space 139264K, 72% used [0x00000007b7100000,0x00000007bd36eb48,0x00000007bf900000)
  to   space 148992K, 0% used [0x00000007add00000,0x00000007add00000,0x00000007b6e80000)
 ParOldGen       total 400896K, used 150774K [0x00000006c0000000, 0x00000006d8780000, 0x000000076ab00000)
  object space 400896K, 37% used [0x00000006c0000000,0x00000006c933da00,0x00000006d8780000)
 Metaspace       used 78710K, capacity 85196K, committed 85504K, reserved 1122304K
  class space    used 10928K, capacity 11962K, committed 12032K, reserved 1048576K
GC Heap History (10 events):
Event: 136.586 GC heap before
{Heap before GC invocations=24 (full 5):
 PSYoungGen      total 1175040K, used 1163398K [0x000000076ab00000, 0x00000007c0000000, 0x00000007c0000000)
  eden space 1076224K, 100% used [0x000000076ab00000,0x00000007ac600000,0x00000007ac600000)
  from space 98816K, 88% used [0x00000007b3380000,0x00000007b88a1838,0x00000007b9400000)
  to   space 112128K, 0% used [0x00000007ac600000,0x00000007ac600000,0x00000007b3380000)
 ParOldGen       total 400896K, used 181221K [0x00000006c0000000, 0x00000006d8780000, 0x000000076ab00000)
  object space 400896K, 45% used [0x00000006c0000000,0x00000006cb0f94c8,0x00000006d8780000)
 Metaspace       used 76363K, capacity 82514K, committed 82688K, reserved 1120256K
  class space    used 10719K, capacity 11687K, committed 11776K, reserved 1048576K
Event: 136.617 GC heap after
Heap after GC invocations=24 (full 5):
 PSYoungGen      total 1188352K, used 112112K [0x000000076ab00000, 0x00000007c0000000, 0x00000007c0000000)
  eden space 1076224K, 0% used [0x000000076ab00000,0x000000076ab00000,0x00000007ac600000)
  from space 112128K, 99% used [0x00000007ac600000,0x00000007b337c0a0,0x00000007b3380000)
  to   space 138240K, 0% used [0x00000007b7900000,0x00000007b7900000,0x00000007c0000000)
 ParOldGen       total 400896K, used 198125K [0x00000006c0000000, 0x00000006d8780000, 0x000000076ab00000)
  object space 400896K, 49% used [0x00000006c0000000,0x00000006cc17b590,0x00000006d8780000)
 Metaspace       used 76363K, capacity 82514K, committed 82688K, reserved 1120256K
  class space    used 10719K, capacity 11687K, committed 11776K, reserved 1048576K
}
Event: 559.668 GC heap before
{Heap before GC invocations=25 (full 5):
 PSYoungGen      total 1188352K, used 1066393K [0x000000076ab00000, 0x00000007c0000000, 0x00000007c0000000)
  eden space 1076224K, 88% used [0x000000076ab00000,0x00000007a4eea6b8,0x00000007ac600000)
  from space 112128K, 99% used [0x00000007ac600000,0x00000007b337c0a0,0x00000007b3380000)
  to   space 138240K, 0% used [0x00000007b7900000,0x00000007b7900000,0x00000007c0000000)
 ParOldGen       total 400896K, used 198125K [0x00000006c0000000, 0x00000006d8780000, 0x000000076ab00000)
  object space 400896K, 49% used [0x00000006c0000000,0x00000006cc17b590,0x00000006d8780000)
 Metaspace       used 76632K, capacity 82900K, committed 83200K, reserved 1120256K
  class space    used 10756K, capacity 11727K, committed 11776K, reserved 1048576K
Event: 559.746 GC heap after
Heap after GC invocations=25 (full 5):
 PSYoungGen      total 1241088K, used 96590K [0x000000076ab00000, 0x00000007c0000000, 0x00000007c0000000)
  eden space 1102848K, 0% used [0x000000076ab00000,0x000000076ab00000,0x00000007ae000000)
  from space 138240K, 69% used [0x00000007b7900000,0x00000007bd753ac0,0x00000007c0000000)
  to   space 147456K, 0% used [0x00000007ae000000,0x00000007ae000000,0x00000007b7000000)
 ParOldGen       total 400896K, used 222673K [0x00000006c0000000, 0x00000006d8780000, 0x000000076ab00000)
  object space 400896K, 55% used [0x00000006c0000000,0x00000006cd974730,0x00000006d8780000)
 Metaspace       used 76632K, capacity 82900K, committed 83200K, reserved 1120256K
  class space    used 10756K, capacity 11727K, committed 11776K, reserved 1048576K
}
Event: 559.746 GC heap before
{Heap before GC invocations=26 (full 6):
 PSYoungGen      total 1241088K, used 96590K [0x000000076ab00000, 0x00000007c0000000, 0x00000007c0000000)
  eden space 1102848K, 0% used [0x000000076ab00000,0x000000076ab00000,0x00000007ae000000)
  from space 138240K, 69% used [0x00000007b7900000,0x00000007bd753ac0,0x00000007c0000000)
  to   space 147456K, 0% used [0x00000007ae000000,0x00000007ae000000,0x00000007b7000000)
 ParOldGen       total 400896K, used 222673K [0x00000006c0000000, 0x00000006d8780000, 0x000000076ab00000)
  object space 400896K, 55% used [0x00000006c0000000,0x00000006cd974730,0x00000006d8780000)
 Metaspace       used 76632K, capacity 82900K, committed 83200K, reserved 1120256K
  class space    used 10756K, capacity 11727K, committed 11776K, reserved 1048576K
Event: 559.998 GC heap after
Heap after GC invocations=26 (full 6):
 PSYoungGen      total 1241088K, used 0K [0x000000076ab00000, 0x00000007c0000000, 0x00000007c0000000)
  eden space 1102848K, 0% used [0x000000076ab00000,0x000000076ab00000,0x00000007ae000000)
  from space 138240K, 0% used [0x00000007b7900000,0x00000007b7900000,0x00000007c0000000)
  to   space 147456K, 0% used [0x00000007ae000000,0x00000007ae000000,0x00000007b7000000)
 ParOldGen       total 400896K, used 150758K [0x00000006c0000000, 0x00000006d8780000, 0x000000076ab00000)
  object space 400896K, 37% used [0x00000006c0000000,0x00000006c9339a00,0x00000006d8780000)
 Metaspace       used 76621K, capacity 82882K, committed 83200K, reserved 1120256K
  class space    used 10754K, capacity 11724K, committed 11776K, reserved 1048576K
}
Event: 562.296 GC heap before
{Heap before GC invocations=27 (full 6):
 PSYoungGen      total 1241088K, used 1102848K [0x000000076ab00000, 0x00000007c0000000, 0x00000007c0000000)
  eden space 1102848K, 100% used [0x000000076ab00000,0x00000007ae000000,0x00000007ae000000)
  from space 138240K, 0% used [0x00000007b7900000,0x00000007b7900000,0x00000007c0000000)
  to   space 147456K, 0% used [0x00000007ae000000,0x00000007ae000000,0x00000007b7000000)
 ParOldGen       total 400896K, used 150758K [0x00000006c0000000, 0x00000006d8780000, 0x000000076ab00000)
  object space 400896K, 37% used [0x00000006c0000000,0x00000006c9339a00,0x00000006d8780000)
 Metaspace       used 77275K, capacity 83592K, committed 83840K, reserved 1122304K
  class space    used 10813K, capacity 11802K, committed 11904K, reserved 1048576K
Event: 562.332 GC heap after
Heap after GC invocations=27 (full 6):
 PSYoungGen      total 1250304K, used 43756K [0x000000076ab00000, 0x00000007bf900000, 0x00000007c0000000)
  eden space 1102848K, 0% used [0x000000076ab00000,0x000000076ab00000,0x00000007ae000000)
  from space 147456K, 29% used [0x00000007ae000000,0x00000007b0abb118,0x00000007b7000000)
  to   space 139264K, 0% used [0x00000007b7100000,0x00000007b7100000,0x00000007bf900000)
 ParOldGen       total 400896K, used 150766K [0x00000006c0000000, 0x00000006d8780000, 0x000000076ab00000)
  object space 400896K, 37% used [0x00000006c0000000,0x00000006c933ba00,0x00000006d8780000)
 Metaspace       used 77275K, capacity 83592K, committed 83840K, reserved 1122304K
  class space    used 10813K, capacity 11802K, committed 11904K, reserved 1048576K
}
Event: 564.341 GC heap before
{Heap before GC invocations=28 (full 6):
 PSYoungGen      total 1250304K, used 1146604K [0x000000076ab00000, 0x00000007bf900000, 0x00000007c0000000)
  eden space 1102848K, 100% used [0x000000076ab00000,0x00000007ae000000,0x00000007ae000000)
  from space 147456K, 29% used [0x00000007ae000000,0x00000007b0abb118,0x00000007b7000000)
  to   space 139264K, 0% used [0x00000007b7100000,0x00000007b7100000,0x00000007bf900000)
 ParOldGen       total 400896K, used 150766K [0x00000006c0000000, 0x00000006d8780000, 0x000000076ab00000)
  object space 400896K, 37% used [0x00000006c0000000,0x00000006c933ba00,0x00000006d8780000)
 Metaspace       used 77320K, capacity 83622K, committed 83840K, reserved 1122304K
  class space    used 10821K, capacity 11807K, committed 11904K, reserved 1048576K
Event: 564.432 GC heap after
Heap after GC invocations=28 (full 6):
 PSYoungGen      total 1239040K, used 100794K [0x000000076ab00000, 0x00000007c0000000, 0x00000007c0000000)
  eden space 1099776K, 0% used [0x000000076ab00000,0x000000076ab00000,0x00000007add00000)
  from space 139264K, 72% used [0x00000007b7100000,0x00000007bd36eb48,0x00000007bf900000)
  to   space 148992K, 0% used [0x00000007add00000,0x00000007add00000,0x00000007b6e80000)
 ParOldGen       total 400896K, used 150774K [0x00000006c0000000, 0x00000006d8780000, 0x000000076ab00000)
  object space 400896K, 37% used [0x00000006c0000000,0x00000006c933da00,0x00000006d8780000)
 Metaspace       used 77320K, capacity 83622K, committed 83840K, reserved 1122304K
  class space    used 10821K, capacity 11807K, committed 11904K, reserved 1048576K
}

